/*C1*/SET SCHEMA SYSTEM_LOBS
INSERT INTO BLOCKS VALUES(0,2147483647,0)
COMMIT
/*C2*/SET SCHEMA PUBLIC
DISCONNECT
/*C3*/SET SCHEMA PUBLIC
DISCONNECT
/*C4*/SET SCHEMA PUBLIC
create table PUBLIC.ACCOUNTS (address varchar(255) not null, balance varchar(255), primary key (address))
create table PUBLIC.Block_transactions (Block_id varchar(255) not null, transactions varchar(255))
create table PUBLIC.Block_uncles (Block_id varchar(255) not null, uncles varchar(255))
create table PUBLIC.BLOCKS (id varchar(255) not null, difficulty numeric(19,2), extraData varchar(255), gasLimit numeric(19,2), gasUsed numeric(19,2), logsBloom clob(4096), miner varchar(255), nonce varchar(255), block_number numeric(19,2), parentId varchar(255), sha3Uncles varchar(255), stateRoot varchar(255), timestamp_val numeric(19,2), totalDifficulty numeric(19,2), transactionsRoot varchar(255), primary key (id))
create table PUBLIC.EVENTS (id numeric(19,2) not null, blockId varchar(255), blockNumber numeric(19,2), contractId varchar(255), event_data varchar(2147483647), logIndex numeric(19,2), name varchar(255), transactionId varchar(255), primary key (id))
create table PUBLIC.PEERS (id varchar(255) not null, nodeIP varchar(255), nodeName varchar(255), nodeUrl varchar(255), status varchar(255), primary key (id))
create table PUBLIC.TRANSACTIONS (id varchar(255) not null, blockId varchar(255), blockNumber numeric(19,2), contractAddress varchar(255), cumulativeGasUsed numeric(19,2), from_address varchar(255), gas numeric(19,2), gasPrice numeric(19,2), gasUsed numeric(19,2), input_data clob(2147483647), nonce varchar(255), r varchar(255), s varchar(255), status integer, to_address varchar(255), transactionIndex numeric(19,2), v varchar(255), trans_value numeric(19,2), primary key (id))
create table PUBLIC.TRANSACTIONS_EVENTS (Transaction_id varchar(255) not null, logs_id numeric(19,2) not null)
create index PUBLIC.block_number_idx on PUBLIC.BLOCKS (block_number)
create index PUBLIC.tr_block_number_idx on PUBLIC.TRANSACTIONS (blockNumber)
create index PUBLIC.tr_contract_addr_idx on PUBLIC.TRANSACTIONS (contractAddress)
create index PUBLIC.tr_to_addr_idx on PUBLIC.TRANSACTIONS (to_address)
alter table PUBLIC.TRANSACTIONS_EVENTS add constraint UK_lfmdcp78aghs1ncbevvecjytl unique (logs_id)
create sequence PUBLIC.hibernate_sequence start with 1 increment by 1
alter table PUBLIC.Block_transactions add constraint FK94x41y9qdqpi07nbxxld6fsx5 foreign key (Block_id) references PUBLIC.BLOCKS
alter table PUBLIC.Block_uncles add constraint FKgfnotxrisqbvq24anhwhi4q4s foreign key (Block_id) references PUBLIC.BLOCKS
alter table PUBLIC.TRANSACTIONS_EVENTS add constraint FKs9jpuqawf0x1wjxigm6w3lfa6 foreign key (logs_id) references PUBLIC.EVENTS
alter table PUBLIC.TRANSACTIONS_EVENTS add constraint FK4rldcxbnkalvin332ggafmmu2 foreign key (Transaction_id) references PUBLIC.TRANSACTIONS
DISCONNECT
/*C5*/SET SCHEMA PUBLIC
DISCONNECT
